<?xml version="1.0" encoding="UTF-8"?>
<!-- Generated by org.testng.reporters.JUnitReportReporter -->
<testsuite skipped="0" hostname="MTPL-LT-DE-211" name="com.demotest.tetscase.LoginTestUsingExceldata" tests="1" failures="0" timestamp="25 May 2021 04:19:59 GMT" time="5.516" errors="0">
  <testcase name="loginTestExcel" time="5.516" classname="com.demotest.tetscase.LoginTestUsingExceldata"/>
</testsuite> <!-- com.demotest.tetscase.LoginTestUsingExceldata -->
