<?xml version="1.0" encoding="UTF-8"?>
<!-- Generated by org.testng.reporters.JUnitReportReporter -->
<testsuite skipped="0" hostname="MTPL-LT-DE-211" name="com.demotest.tetscase.TC_LogOut_Test_002" tests="1" failures="0" timestamp="19 May 2021 10:44:08 GMT" time="9.288" errors="0">
  <testcase name="testLogOut" time="9.288" classname="com.demotest.tetscase.TC_LogOut_Test_002"/>
</testsuite> <!-- com.demotest.tetscase.TC_LogOut_Test_002 -->
