<?xml version="1.0" encoding="UTF-8"?>
<!-- Generated by org.testng.reporters.JUnitReportReporter -->
<testsuite skipped="0" hostname="MTPL-LT-DE-211" name="com.demotest.tetscase.AssignSchemeToWarehouse" tests="1" failures="0" timestamp="31 May 2021 11:31:59 GMT" time="20.397" errors="0">
  <testcase name="testAssignSchemeToWarehouse" time="20.397" classname="com.demotest.tetscase.AssignSchemeToWarehouse"/>
</testsuite> <!-- com.demotest.tetscase.AssignSchemeToWarehouse -->
