<?xml version="1.0" encoding="UTF-8"?>
<!-- Generated by org.testng.reporters.JUnitReportReporter -->
<testsuite skipped="0" hostname="MTPL-LT-DE-211" name="com.demotest.tetscase.TC_LogOut_Test_002" tests="1" failures="0" timestamp="28 May 2021 07:39:22 GMT" time="14.064" errors="0">
  <testcase name="testLogOut" time="14.064" classname="com.demotest.tetscase.TC_LogOut_Test_002"/>
</testsuite> <!-- com.demotest.tetscase.TC_LogOut_Test_002 -->
