<?xml version="1.0" encoding="UTF-8"?>
<!-- Generated by org.testng.reporters.JUnitReportReporter -->
<testsuite skipped="0" hostname="MTPL-LT-DE-211" name="com.demotest.tetscase.TC_LoginTest_001" tests="1" failures="0" timestamp="28 May 2021 07:39:22 GMT" time="16.047" errors="0">
  <testcase name="testLogIn" time="16.047" classname="com.demotest.tetscase.TC_LoginTest_001"/>
</testsuite> <!-- com.demotest.tetscase.TC_LoginTest_001 -->
