<?xml version="1.0" encoding="UTF-8"?>
<!-- Generated by org.testng.reporters.JUnitReportReporter -->
<testsuite skipped="0" hostname="MTPL-LT-DE-211" name="com.demotest.tetscase.TC_SchemeAdd_Test_001" tests="1" failures="0" timestamp="27 May 2021 06:28:55 GMT" time="33.638" errors="0">
  <testcase name="testSchemeAdd" time="33.638" classname="com.demotest.tetscase.TC_SchemeAdd_Test_001"/>
</testsuite> <!-- com.demotest.tetscase.TC_SchemeAdd_Test_001 -->
