<?xml version="1.0" encoding="UTF-8"?>
<!-- Generated by org.testng.reporters.JUnitReportReporter -->
<testsuite skipped="0" hostname="MTPL-LT-DE-211" name="com.demotest.tetscase.TC_LoginTest_001" tests="1" failures="0" timestamp="19 May 2021 10:44:08 GMT" time="6.493" errors="0">
  <testcase name="testLogin" time="6.493" classname="com.demotest.tetscase.TC_LoginTest_001"/>
</testsuite> <!-- com.demotest.tetscase.TC_LoginTest_001 -->
