<?xml version="1.0" encoding="UTF-8"?>
<!-- Generated by org.testng.reporters.JUnitReportReporter -->
<testsuite skipped="0" hostname="MTPL-LT-DE-211" name="com.demotest.tetscase.TC_SchemeAdd_Test_001" tests="1" failures="0" timestamp="03 Jun 2021 01:32:09 GMT" time="34.738" errors="0">
  <testcase name="testSchemeAdd" time="34.738" classname="com.demotest.tetscase.TC_SchemeAdd_Test_001"/>
</testsuite> <!-- com.demotest.tetscase.TC_SchemeAdd_Test_001 -->
