<?xml version="1.0" encoding="UTF-8"?>
<!-- Generated by org.testng.reporters.JUnitReportReporter -->
<testsuite skipped="0" hostname="MTPL-LT-DE-211" name="com.demotest.tetscase.TC_ChangePassword_003" tests="1" failures="0" timestamp="26 May 2021 11:21:02 GMT" time="12.357" errors="0">
  <testcase name="testChangePassword" time="12.357" classname="com.demotest.tetscase.TC_ChangePassword_003"/>
</testsuite> <!-- com.demotest.tetscase.TC_ChangePassword_003 -->
