<?xml version="1.0" encoding="UTF-8"?>
<!-- Generated by org.testng.reporters.JUnitReportReporter -->
<testsuite skipped="0" hostname="MTPL-LT-DE-211" name="com.demotest.tetscase.TC_LoginTest_001" tests="1" failures="0" timestamp="28 May 2021 05:01:29 GMT" time="6.793" errors="0">
  <testcase name="testLogin" time="6.793" classname="com.demotest.tetscase.TC_LoginTest_001"/>
</testsuite> <!-- com.demotest.tetscase.TC_LoginTest_001 -->
