<?xml version="1.0" encoding="UTF-8"?>
<!-- Generated by org.testng.reporters.JUnitReportReporter -->
<testsuite skipped="0" hostname="MTPL-LT-DE-211" name="com.demotest.tetscase.LoginTestUsingExceldata" tests="1" failures="0" timestamp="03 Jun 2021 01:32:09 GMT" time="6.443" errors="0">
  <testcase name="loginTestExcel" time="6.443" classname="com.demotest.tetscase.LoginTestUsingExceldata"/>
</testsuite> <!-- com.demotest.tetscase.LoginTestUsingExceldata -->
