<?xml version="1.0" encoding="UTF-8"?>
<!-- Generated by org.testng.reporters.JUnitReportReporter -->
<testsuite skipped="0" hostname="MTPL-LT-DE-211" name="com.demotest.tetscase.TC_LoginTest_With_Invalid_Credentials_004" tests="1" failures="0" timestamp="25 May 2021 04:29:40 GMT" time="9.921" errors="0">
  <testcase name="testLoginWithInvalidCred" time="9.921" classname="com.demotest.tetscase.TC_LoginTest_With_Invalid_Credentials_004"/>
</testsuite> <!-- com.demotest.tetscase.TC_LoginTest_With_Invalid_Credentials_004 -->
